2017-07-10 23:36:18 +08:00: [32m[2017-07-10 23:36:18.824] [INFO] console - [39må¼€å‘çŠ¶æ€ï¼šé™æ€ç›®å½•åœ°å€===/Users/heliang/work/web/frcore/node/vue-server/build/development
2017-07-10 23:36:18 +08:00: [32m[2017-07-10 23:36:18.845] [INFO] console - [39mvue2æ¸²æŸ“æœåŠ¡å™¨å¯åŠ¨.. ç«¯å£:4000
2017-07-10 23:36:18 +08:00: [32m[2017-07-10 23:36:18.846] [INFO] console - [39må¼€å‘çŠ¶æ€ï¼šé™æ€ç›®å½•åœ°å€===/Users/heliang/work/web/frcore/node/vue-server/build/development
2017-07-10 23:36:18 +08:00: [32m[2017-07-10 23:36:18.858] [INFO] console - [39må¼€å‘çŠ¶æ€ï¼šé™æ€ç›®å½•åœ°å€===/Users/heliang/work/web/frcore/node/vue-server/build/development
2017-07-10 23:36:18 +08:00: [32m[2017-07-10 23:36:18.870] [INFO] console - [39mvue2æ¸²æŸ“æœåŠ¡å™¨å¯åŠ¨.. ç«¯å£:4000
2017-07-10 23:36:18 +08:00: [32m[2017-07-10 23:36:18.884] [INFO] console - [39mvue2æ¸²æŸ“æœåŠ¡å™¨å¯åŠ¨.. ç«¯å£:4000
2017-07-10 23:36:18 +08:00: [32m[2017-07-10 23:36:18.893] [INFO] console - [39må¼€å‘çŠ¶æ€ï¼šé™æ€ç›®å½•åœ°å€===/Users/heliang/work/web/frcore/node/vue-server/build/development
2017-07-10 23:36:18 +08:00: [32m[2017-07-10 23:36:18.900] [INFO] console - [39må¼€å‘çŠ¶æ€ï¼šé™æ€ç›®å½•åœ°å€===/Users/heliang/work/web/frcore/node/vue-server/build/development
2017-07-10 23:36:18 +08:00: [32m[2017-07-10 23:36:18.907] [INFO] console - [39mvue2æ¸²æŸ“æœåŠ¡å™¨å¯åŠ¨.. ç«¯å£:4000
2017-07-10 23:36:18 +08:00: [32m[2017-07-10 23:36:18.910] [INFO] console - [39må¼€å‘çŠ¶æ€ï¼šé™æ€ç›®å½•åœ°å€===/Users/heliang/work/web/frcore/node/vue-server/build/development
2017-07-10 23:36:18 +08:00: [32m[2017-07-10 23:36:18.915] [INFO] console - [39mvue2æ¸²æŸ“æœåŠ¡å™¨å¯åŠ¨.. ç«¯å£:4000
2017-07-10 23:36:18 +08:00: [32m[2017-07-10 23:36:18.929] [INFO] console - [39mvue2æ¸²æŸ“æœåŠ¡å™¨å¯åŠ¨.. ç«¯å£:4000
2017-07-10 23:36:42 +08:00: [0mGET /dist/app.43e234dc7bf62b82418b.js [36m304 [0m5.264 ms - -[0m
2017-07-10 23:36:42 +08:00: [0mGET /dist/libs.js?710ab2d7a208e0df3c25 [36m304 [0m5.224 ms - -[0m
2017-07-10 23:36:42 +08:00: [0mGET /dist/2.bf75f0e638f3b103d6fc.js [36m304 [0m1.115 ms - -[0m
2017-07-10 23:36:42 +08:00: [0mGET /dist/1.b5aead86687167b3a9d9.js [36m304 [0m1.229 ms - -[0m
2017-07-10 23:36:42 +08:00: [0mGET /dist//fonts/iconfont.c566b52.woff [36m304 [0m1.111 ms - -[0m
2017-07-10 23:36:49 +08:00: [0mGET /s [32m200 [0m201.317 ms - -[0m
2017-07-10 23:36:49 +08:00: [0mGET /dist/libs.js?710ab2d7a208e0df3c25 [36m304 [0m3.600 ms - -[0m
2017-07-10 23:36:49 +08:00: [0mGET /dist/0.c4ef84f45dbaa31e3732.js [36m304 [0m0.658 ms - -[0m
2017-07-10 23:36:49 +08:00: [0mGET /dist/app.43e234dc7bf62b82418b.js [36m304 [0m7.651 ms - -[0m
2017-07-10 23:36:49 +08:00: [0mGET /dist/1.b5aead86687167b3a9d9.js [36mp304 [0m7.298 ms - -[0m
2017-07-10 23:36:49 +08:00: [0mGET /dist//fonts/iconfont.c566b52.woff [36m304 [0m1.390 ms - -[0m
2017-07-10 23:44:00 +08:00: [32m[2017-07-10 23:44:00.369] [INFO] console - [39må¼€å‘çŠ¶æ€ï¼šé™æ€ç›®å½•åœ°å€===/Users/heliang/work/web/frcore/node/vue-server/build/development
2017-07-10 23:44:00 +08:00: [32m[2017-07-10 23:44:00.369] [INFO] console - [39må¼€å‘çŠ¶æ€ï¼šé™æ€ç›®å½•åœ°å€===/Users/heliang/work/web/frcore/node/vue-server/build/development
2017-07-10 23:44:00 +08:00: [32m[2017-07-10 23:44:00.386] [INFO] console - [39mvue2æ¸²æŸ“æœåŠ¡å™¨å¯åŠ¨.. ç«¯å£:4000
2017-07-10 23:44:00 +08:00: [32m[2017-07-10 23:44:00.386] [INFO] console - [39mvue2æ¸²æŸ“æœåŠ¡å™¨å¯åŠ¨.. ç«¯å£:4000
2017-07-10 23:44:00 +08:00: [32m[2017-07-10 23:44:00.442] [INFO] console - [39må¼€å‘çŠ¶æ€ï¼šé™æ€ç›®å½•åœ°å€===/Users/heliang/work/web/frcore/node/vue-server/build/development
2017-07-10 23:44:00 +08:00: [32m[2017-07-10 23:44:00.455] [INFO] console - [39mvue2æ¸²æŸ“æœåŠ¡å™¨å¯åŠ¨.. ç«¯å£:4000
2017-07-10 23:44:00 +08:00: [32m[2017-07-10 23:44:00.451] [INFO] console - [39må¼€å‘çŠ¶æ€ï¼šé™æ€ç›®å½•åœ°å€===/Users/heliang/work/web/frcore/node/vue-server/build/development
2017-07-10 23:44:00 +08:00: [32m[2017-07-10 23:44:00.464] [INFO] console - [39mvue2æ¸²æŸ“æœåŠ¡å™¨å¯åŠ¨.. ç«¯å£:4000
2017-07-10 23:44:00 +08:00: [32m[2017-07-10 23:44:00.505] [INFO] console - [39må¼€å‘çŠ¶æ€ï¼šé™æ€ç›®å½•åœ°å€===/Users/heliang/work/web/frcore/node/vue-server/build/development
2017-07-10 23:44:00 +08:00: [32m[2017-07-10 23:44:00.510] [INFO] console - [39må¼€å‘çŠ¶æ€ï¼šé™æ€ç›®å½•åœ°å€===/Users/heliang/work/web/frcore/node/vue-server/build/development
2017-07-10 23:44:00 +08:00: [32m[2017-07-10 23:44:00.518] [INFO] console - [39mvue2æ¸²æŸ“æœåŠ¡å™¨å¯åŠ¨.. ç«¯å£:4000
2017-07-10 23:44:00 +08:00: [32m[2017-07-10 23:44:00.523] [INFO] console - [39mvue2æ¸²æŸ“æœåŠ¡å™¨å¯åŠ¨.. ç«¯å£:4000
2017-07-10 23:44:42 +08:00: [0mGET /about/abc [32m200 [0m195.863 ms - -[0m
2017-07-10 23:44:42 +08:00: [0mGET /dist/libs.js?710ab2d7a208e0df3c25 [36m304 [0m5.152 ms - -[0m
2017-07-10 23:44:42 +08:00: [0mGET /dist/app.43e234dc7bf62b82418b.js [36m304 [0m8.856 ms - -[0m
2017-07-10 23:44:42 +08:00: [0mGET /dist/2.bf75f0e638f3b103d6fc.js [36m304 [0m9.730 ms - -[0m
2017-07-10 23:44:42 +08:00: [0mGET /dist/1.b5aead86687167b3a9d9.js [36m304 [0m0.857 ms - -[0m
2017-07-10 23:44:42 +08:00: [0mGET /dist/0.c4ef84f45dbaa31e3732.js [36m304 [0m2.044 ms - -[0m
2017-07-10 23:44:42 +08:00: [0mGET /dist//fonts/iconfont.c566b52.woff [36m304 [0m0.852 ms - -[0m
2017-07-10 23:44:42 +08:00: [0mGET /dist/libs.js.map?710ab2d7a208e0df3c25 [36m304 [0m0.397 ms - -[0m
2017-07-10 23:44:42 +08:00: [0mGET /dist/app.43e234dc7bf62b82418b.js.map [36m304 [0m0.405 ms - -[0m
2017-07-10 23:44:42 +08:00: [0mGET /dist/2.bf75f0e638f3b103d6fc.js.map [36m304 [0m1.469 ms - -[0m
2017-07-10 23:45:00 +08:00: [0mGET /about/ [32m200 [0m158.830 ms - -[0m
2017-07-10 23:45:00 +08:00: [0mGET /dist/libs.js?710ab2d7a208e0df3c25 [36m304 [0m5.331 ms - -[0m
2017-07-10 23:45:00 +08:00: [0mGET /dist/app.43e234dc7bf62b82418b.js [36m304 [0m7.908 ms - -[0m
2017-07-10 23:45:00 +08:00: [0mGET /dist/assets/images/banner1.jpg [36m304 [0m0.699 ms - -[0m
2017-07-10 23:45:00 +08:00: [0mGET /dist/0.c4ef84f45dbaa31e3732.js [36m304 [0m0.445 ms - -[0m
2017-07-10 23:45:00 +08:00: [0mGET /dist//fonts/iconfont.c566b52.woff [36m304 [0m0.689 ms - -[0m
2017-07-10 23:45:00 +08:00: [0mGET /dist/2.bf75f0e638f3b103d6fc.js [36m304 [0m11.010 ms - -[0m
2017-07-10 23:45:00 +08:00: [0mGET /dist/1.b5aead86687167b3a9d9.js.map [36m304 [0m0.334 ms - -[0m
2017-07-10 23:45:00 +08:00: [0mGET /dist/app.43e234dc7bf62b82418b.js.map [36m304 [0m0.359 ms - -[0m
2017-07-10 23:45:00 +08:00: [0mGET /dist/libs.js.map?710ab2d7a208e0df3c25 [36m304 [0m0.924 ms - -[0m
2017-07-10 23:45:07 +08:00: [0mGET /dist/app.43e234dc7bf62b82418b.js [36m304 [0m0.416 ms - -[0m
2017-07-10 23:45:07 +08:00: [0mGET /dist/libs.js?710ab2d7a208e0df3c25 [36m304 [0m0.889 ms - -[0m
2017-07-10 23:45:07 +08:00: [0mGET /dist/2.bf75f0e638f3b103d6fc.js [36m304 [0m0.394 ms - -[0m
2017-07-10 23:45:07 +08:00: [0mGET /dist/1.b5aead86687167b3a9d9.js [36m304 [0m0.404 ms - -[0m
2017-07-10 23:45:07 +08:00: [0mGET /dist/0.c4ef84f45dbaa31e3732.js.map [36m304 [0m0.425 ms - -[0m
2017-07-10 23:45:07 +08:00: [0mGET /dist/libs.js.map?710ab2d7a208e0df3c25 [36m304 [0m1.094 ms - -[0m
2017-07-10 23:45:07 +08:00: [0mGET /dist/app.43e234dc7bf62b82418b.js.map [36m304 [0m2.128 ms - -[0m
2017-07-10 23:45:07 +08:00: [0mGET /dist//fonts/iconfont.c566b52.woff [36m304 [0m0.261 ms - -[0m
2017-07-10 23:45:12 +08:00: [32m[2017-07-10 23:45:12.107] [INFO] console - [39mThis is a Template
2017-07-10 23:45:12 +08:00: [32m[2017-07-10 23:45:12.108] [INFO] console - [39masyncData...
2017-07-10 23:45:12 +08:00: [0mGET / [32m200 [0m14.652 ms - -[0m
2017-07-10 23:45:12 +08:00: [0mGET /data [32m200 [0m2.884 ms - 18613[0m
2017-07-10 23:45:12 +08:00: [0mGET /dist/libs.js?710ab2d7a208e0df3c25 [36m304 [0m0.583 ms - -[0m
2017-07-10 23:45:12 +08:00: [0mGET /dist/app.43e234dc7bf62b82418b.js [36m304 [0m0.697 ms - -[0m
2017-07-10 23:45:12 +08:00: [0mGET /dist/0.c4ef84f45dbaa31e3732.js [36m304 [0m1.012 ms - -[0m
2017-07-10 23:45:12 +08:00: [0mGET /dist/2.bf75f0e638f3b103d6fc.js [36m304 [0m0.598 ms - -[0m
2017-07-10 23:45:12 +08:00: [0mGET /dist/1.b5aead86687167b3a9d9.js [36m304 [0m0.793 ms - -[0m
2017-07-10 23:45:12 +08:00: [0mGET /dist/libs.js.map?710ab2d7a208e0df3c25 [36m304 [0m0.338 ms - -[0m
2017-07-10 23:45:12 +08:00: [0mGET /dist/0.c4ef84f45dbaa31e3732.js.map [36m304 [0m0.376 ms - -[0m
2017-07-10 23:45:12 +08:00: [0mGET /dist/app.43e234dc7bf62b82418b.js.map [36m304 [0m0.331 ms - -[0m
2017-07-10 23:45:12 +08:00: [0mGET /dist//fonts/iconfont.c566b52.woff [36m304 [0m0.392 ms - -[0m
2017-07-10 23:45:14 +08:00: [32m[2017-07-10 23:45:14.054] [INFO] console - [39mThis is a Template
2017-07-10 23:45:14 +08:00: [32m[2017-07-10 23:45:14.057] [INFO] console - [39masyncData...
2017-07-10 23:45:14 +08:00: [0mGET / [32m200 [0m170.441 ms - -[0m
2017-07-10 23:45:14 +08:00: [0mGET /data [32m200 [0m2.803 ms - 18613[0m
2017-07-10 23:45:14 +08:00: [0mGET /dist/0.c4ef84f45dbaa31e3732.js [36m304 [0m0.496 ms - -[0m
2017-07-10 23:45:14 +08:00: [0mGET /dist/libs.js?710ab2d7a208e0df3c25 [36m304 [0m1.226 ms - -[0m
2017-07-10 23:45:14 +08:00: [0mGET /dist/app.43e234dc7bf62b82418b.js [36m304 [0m1.307 ms - -[0m
2017-07-10 23:45:14 +08:00: [0mGET /dist/2.bf75f0e638f3b103d6fc.js [36m304 [0m0.919 ms - -[0m
2017-07-10 23:45:14 +08:00: [0mGET /dist/1.b5aead86687167b3a9d9.js [36m304 [0m1.133 ms - -[0m
2017-07-10 23:45:14 +08:00: [0mGET /dist/libs.js.map?710ab2d7a208e0df3c25 [36m304 [0m1.861 ms - -[0m
2017-07-10 23:45:14 +08:00: [0mGET /dist/0.c4ef84f45dbaa31e3732.js.map [36m304 [0m1.980 ms - -[0m
2017-07-10 23:45:14 +08:00: [0mGET /dist/app.43e234dc7bf62b82418b.js.map [36m304 [0m0.303 ms - -[0m
2017-07-10 23:45:14 +08:00: [0mGET /dist//fonts/iconfont.c566b52.woff [36m304 [0m0.712 ms - -[0m
2017-07-10 23:45:16 +08:00: [32m[2017-07-10 23:45:16.123] [INFO] console - [39masyncData...
2017-07-10 23:45:16 +08:00: [0mGET / [32m200 [0m4.449 ms - -[0m
2017-07-10 23:45:16 +08:00: [0mGET /data [32m200 [0m3.580 ms - 18613[0m
2017-07-10 23:45:16 +08:00: [0mGET /dist/libs.js?710ab2d7a208e0df3c25 [36m304 [0m0.487 ms - -[0m
2017-07-10 23:45:16 +08:00: [0mGET /dist/0.c4ef84f45dbaa31e3732.js [36m304 [0m0.377 ms - -[0m
2017-07-10 23:45:16 +08:00: [0mGET /dist/app.43e234dc7bf62b82418b.js [36m304 [0m0.883 ms - -[0m
2017-07-10 23:45:16 +08:00: [0mGET /dist/2.bf75f0e638f3b103d6fc.js [36m304 [0m0.886 ms - -[0m
2017-07-10 23:45:16 +08:00: [0mGET /dist/1.b5aead86687167b3a9d9.js [36m304 [0m0.651 ms - -[0m
2017-07-10 23:45:16 +08:00: [0mGET /dist/libs.js.map?710ab2d7a208e0df3c25 [36m304 [0m0.207 ms - -[0m
2017-07-10 23:45:16 +08:00: [0mGET /dist/0.c4ef84f45dbaa31e3732.js.map [36m304 [0m0.261 ms - -[0m
2017-07-10 23:45:16 +08:00: [0mGET /dist/app.43e234dc7bf62b82418b.js.map [36m304 [0m0.305 ms - -[0m
2017-07-10 23:45:16 +08:00: [0mGET /dist//fonts/iconfont.c566b52.woff [36m304 [0m0.251 ms - -[0m
2017-07-10 23:45:18 +08:00: [32m[2017-07-10 23:45:18.500] [INFO] console - [39masyncData...
2017-07-10 23:45:18 +08:00: [0mGET / [32m200 [0m3.236 ms - -[0m
2017-07-10 23:45:18 +08:00: [0mGET /data [32m200 [0m0.930 ms - 18613[0m
2017-07-10 23:45:18 +08:00: [0mGET /dist/app.43e234dc7bf62b82418b.js [36m304 [0m0.473 ms - -[0m
2017-07-10 23:45:18 +08:00: [0mGET /dist/libs.js?710ab2d7a208e0df3c25 [36m304 [0m0.666 ms - -[0m
2017-07-10 23:45:18 +08:00: [0mGET /dist/0.c4ef84f45dbaa31e3732.js [36m304 [0m0.314 ms - -[0m
2017-07-10 23:45:18 +08:00: [0mGET /dist/1.b5aead86687167b3a9d9.js [36m304 [0m0.447 ms - -[0m
2017-07-10 23:45:18 +08:00: [0mGET /dist/2.bf75f0e638f3b103d6fc.js [36m304 [0m0.567 ms - -[0m
2017-07-10 23:45:18 +08:00: [0mGET /dist/libs.js.map?710ab2d7a208e0df3c25 [36m304 [0m0.538 ms - -[0m
2017-07-10 23:45:18 +08:00: [0mGET /dist/app.43e234dc7bf62b82418b.js.map [36m304 [0m0.247 ms - -[0m
2017-07-10 23:45:18 +08:00: [0mGET /dist/0.c4ef84f45dbaa31e3732.js.map [36m304 [0m1.378 ms - -[0m
2017-07-10 23:45:18 +08:00: [0mGET /dist//fonts/iconfont.c566b52.woff [36m304 [0m0.237 ms - -[0m
2017-07-10 23:45:23 +08:00: [32m[2017-07-10 23:45:23.125] [INFO] console - [39masyncData...
2017-07-10 23:45:23 +08:00: [0mGET / [32m200 [0m3.704 ms - -[0m
2017-07-10 23:45:23 +08:00: [0mGET /data [32m200 [0m0.578 ms - 18613[0m
2017-07-10 23:45:23 +08:00: [0mGET /dist/libs.js?710ab2d7a208e0df3c25 [36m304 [0m0.284 ms - -[0m
2017-07-10 23:45:23 +08:00: [0mGET /dist/app.43e234dc7bf62b82418b.js [36m304 [0m0.349 ms - -[0m
2017-07-10 23:45:23 +08:00: [0mGET /dist/0.c4ef84f45dbaa31e3732.js [36m304 [0m0.311 ms - -[0m
2017-07-10 23:45:23 +08:00: [0mGET /dist/2.bf75f0e638f3b103d6fc.js [36m304 [0m0.580 ms - -[0m
2017-07-10 23:45:23 +08:00: [0mGET /dist/1.b5aead86687167b3a9d9.js [36m304 [0m0.360 ms - -[0m
2017-07-10 23:45:23 +08:00: [0mGET /dist/libs.js.map?710ab2d7a208e0df3c25 [36m304 [0m1.286 ms - -[0m
2017-07-10 23:45:23 +08:00: [0mGET /dist/app.43e234dc7bf62b82418b.js.map [36m304 [0m0.523 ms - -[0m
2017-07-10 23:45:23 +08:00: [0mGET /dist/0.c4ef84f45dbaa31e3732.js.map [36m304 [0m0.490 ms - -[0m
2017-07-10 23:45:23 +08:00: [0mGET /dist//fonts/iconfont.c566b52.woff [36m304 [0m0.344 ms - -[0m
2017-07-10 23:45:26 +08:00: [32m[2017-07-10 23:45:26.031] [INFO] console - [39masyncData...
2017-07-10 23:45:26 +08:00: [0mGET / [32m200 [0m3.688 ms - -[0m
2017-07-10 23:45:26 +08:00: [0mGET /data [32m200 [0m1.237 ms - 18613[0m
2017-07-10 23:45:26 +08:00: [0mGET /dist/libs.js?710ab2d7a208e0df3c25 [36m304 [0m0.305 ms - -[0m
2017-07-10 23:45:26 +08:00: [0mGET /dist/app.43e234dc7bf62b82418b.js [36m304 [0m0.334 ms - -[0m
2017-07-10 23:45:26 +08:00: [0mGET /dist/0.c4ef84f45dbaa31e3732.js [36m304 [0m0.525 ms - -[0m
2017-07-10 23:45:26 +08:00: [0mGET /dist/2.bf75f0e638f3b103d6fc.js [36m304 [0m2.056 ms - -[0m
2017-07-10 23:45:26 +08:00: [0mGET /dist/1.b5aead86687167b3a9d9.js [36m304 [0m3.284 ms - -[0m
2017-07-10 23:45:26 +08:00: [0mGET /dist/libs.js.map?710ab2d7a208e0df3c25 [36m304 [0m0.203 ms - -[0m
2017-07-10 23:45:26 +08:00: [0mGET /dist/0.c4ef84f45dbaa31e3732.js.map [36m304 [0m0.384 ms - -[0m
2017-07-10 23:45:26 +08:00: [0mGET /dist/app.43e234dc7bf62b82418b.js.map [36m304 [0m0.717 ms - -[0m
2017-07-10 23:45:26 +08:00: [0mGET /dist//fonts/iconfont.c566b52.woff [36m304 [0m0.802 ms - -[0m
2017-07-10 23:45:27 +08:00: [32m[2017-07-10 23:45:27.990] [INFO] console - [39masyncData...
2017-07-10 23:45:27 +08:00: [0mGET / [32m200 [0m3.401 ms - -[0m
2017-07-10 23:45:27 +08:00: [0mGET /data [32m200 [0m2.713 ms - 18613[0m
2017-07-10 23:45:28 +08:00: [0mGET /dist/libs.js?710ab2d7a208e0df3c25 [36m304 [0m0.495 ms - -[0m
2017-07-10 23:45:28 +08:00: [0mGET /dist/0.c4ef84f45dbaa31e3732.js [36m304 [0m1.170 ms - -[0m
2017-07-10 23:45:28 +08:00: [0mGET /dist/app.43e234dc7bf62b82418b.js [36m304 [0m2.041 ms - -[0m
2017-07-10 23:45:28 +08:00: [0mGET /dist/1.b5aead86687167b3a9d9.js [36m304 [0m1.306 ms - -[0m
2017-07-10 23:45:28 +08:00: [0mGET /dist/2.bf75f0e638f3b103d6fc.js [36m304 [0m1.826 ms - -[0m
2017-07-10 23:45:28 +08:00: [0mGET /dist/0.c4ef84f45dbaa31e3732.js.map [36m304 [0m0.343 ms - -[0m
2017-07-10 23:45:28 +08:00: [0mGET /dist/libs.js.map?710ab2d7a208e0df3c25 [36m304 [0m0.295 ms - -[0m
2017-07-10 23:45:28 +08:00: [0mGET /dist/app.43e234dc7bf62b82418b.js.map [36m304 [0m0.461 ms - -[0m
2017-07-10 23:45:28 +08:00: [0mGET /dist//fonts/iconfont.c566b52.woff [36m304 [0m0.311 ms - -[0m
2017-07-10 23:45:31 +08:00: [32m[2017-07-10 23:45:31.691] [INFO] console - [39masyncData...
2017-07-10 23:45:31 +08:00: [0mGET / [32m200 [0m3.234 ms - -[0m
2017-07-10 23:45:31 +08:00: [0mGET /data [32m200 [0m0.646 ms - 18613[0m
2017-07-10 23:45:31 +08:00: [0mGET /dist/libs.js?710ab2d7a208e0df3c25 [36m304 [0m0.380 ms - -[0m
2017-07-10 23:45:31 +08:00: [0mGET /dist/app.43e234dc7bf62b82418b.js [36m304 [0m0.994 ms - -[0m
2017-07-10 23:45:31 +08:00: [0mGET /dist/0.c4ef84f45dbaa31e3732.js [36m304 [0m0.964 ms - -[0m
2017-07-10 23:45:31 +08:00: [0mGET /dist/2.bf75f0e638f3b103d6fc.js [36m304 [0m0.661 ms - -[0m
2017-07-10 23:45:31 +08:00: [0mGET /dist/1.b5aead86687167b3a9d9.js [36m304 [0m0.929 ms - -[0m
2017-07-10 23:45:31 +08:00: [0mGET /dist/libs.js.map?710ab2d7a208e0df3c25 [36m304 [0m0.248 ms - -[0m
2017-07-10 23:45:31 +08:00: [0mGET /dist/0.c4ef84f45dbaa31e3732.js.map [36m304 [0m0.485 ms - -[0m
2017-07-10 23:45:31 +08:00: [0mGET /dist/app.43e234dc7bf62b82418b.js.map [36m304 [0m0.849 ms - -[0m
2017-07-10 23:45:31 +08:00: [0mGET /dist//fonts/iconfont.c566b52.woff [36m304 [0m1.658 ms - -[0m
2017-07-11 21:51:07 +08:00: [32m[2017-07-11 21:51:07.388] [INFO] console - [39mThis is a Template
2017-07-11 21:51:07 +08:00: [32m[2017-07-11 21:51:07.391] [INFO] console - [39masyncData...
2017-07-11 21:51:07 +08:00: [0mGET / [32m200 [0m191.427 ms - -[0m
2017-07-11 21:51:07 +08:00: [0mGET /data [32m200 [0m0.745 ms - 18613[0m
2017-07-11 21:51:07 +08:00: [0mGET /dist/app.43e234dc7bf62b82418b.js [32m200 [0m5.478 ms - -[0m
2017-07-11 21:51:07 +08:00: [0mGET /dist/libs.js?710ab2d7a208e0df3c25 [32m200 [0m5.154 ms - 147112[0m
2017-07-11 21:51:07 +08:00: [0mGET /dist/2.bf75f0e638f3b103d6fc.js [32m200 [0m3.203 ms - -[0m
2017-07-11 21:51:07 +08:00: [0mGET /dist//fonts/iconfont.c566b52.woff [32m200 [0m3.389 ms - 5984[0m
2017-07-11 21:51:07 +08:00: [0mGET /dist/1.b5aead86687167b3a9d9.js [32m200 [0m6.424 ms - -[0m
2017-07-11 21:51:07 +08:00: [0mGET /dist/0.c4ef84f45dbaa31e3732.js [32m200 [0m213.907 ms - -[0m
2017-07-11 21:52:49 +08:00: [32m[2017-07-11 21:52:49.054] [INFO] console - [39mThis is a Template
2017-07-11 21:52:49 +08:00: [32m[2017-07-11 21:52:49.056] [INFO] console - [39masyncData...
2017-07-11 21:52:49 +08:00: [0mGET / [32m200 [0m178.821 ms - -[0m
2017-07-11 21:52:49 +08:00: [0mGET /data [32m200 [0m0.718 ms - 18613[0m
2017-07-11 21:52:49 +08:00: [0mGET /dist/libs.js?710ab2d7a208e0df3c25 [32m200 [0m2.666 ms - 147112[0m
2017-07-11 21:52:49 +08:00: [0mGET /dist//fonts/iconfont.c566b52.woff [32m200 [0m0.992 ms - 5984[0m
2017-07-11 21:53:05 +08:00: [32m[2017-07-11 21:53:05.967] [INFO] console - [39masyncData...
2017-07-11 21:53:05 +08:00: [0mGET / [32m200 [0m3.735 ms - -[0m
2017-07-11 21:53:05 +08:00: [0mGET /data [32m200 [0m4.046 ms - 18613[0m
2017-07-11 21:53:05 +08:00: [0mGET /dist/app.43e234dc7bf62b82418b.js [32m200 [0m4.511 ms - -[0m
2017-07-11 21:53:05 +08:00: [0mGET /dist/0.c4ef84f45dbaa31e3732.js [32m200 [0m4.410 ms - -[0m
2017-07-11 21:53:06 +08:00: [0mGET /dist/libs.js?710ab2d7a208e0df3c25 [32m200 [0m4.427 ms - 147112[0m
2017-07-11 21:53:06 +08:00: [0mGET /dist/1.b5aead86687167b3a9d9.js [32m200 [0m2.087 ms - -[0m
2017-07-11 21:53:06 +08:00: [0mGET /dist//fonts/iconfont.c566b52.woff [32m200 [0m1.007 ms - 5984[0m
2017-07-11 21:53:06 +08:00: [0mGET /dist/2.bf75f0e638f3b103d6fc.js [32m200 [0m5.213 ms - -[0m
2017-07-11 21:53:17 +08:00: [32m[2017-07-11 21:53:17.788] [INFO] console - [39masyncData...
2017-07-11 21:53:17 +08:00: [0mGET / [32m200 [0m4.169 ms - -[0m
2017-07-11 21:53:17 +08:00: [0mGET /data [32m200 [0m0.674 ms - 18613[0m
2017-07-11 21:53:17 +08:00: [0mGET /dist/libs.js?710ab2d7a208e0df3c25 [36m304 [0m0.401 ms - -[0m
2017-07-11 21:53:17 +08:00: [0mGET /dist//fonts/iconfont.c566b52.woff [36m304 [0m0.271 ms - -[0m
2017-07-11 21:53:20 +08:00: [32m[2017-07-11 21:53:20.348] [INFO] console - [39masyncData...
2017-07-11 21:53:20 +08:00: [0mGET / [32m200 [0m2.561 ms - -[0m
2017-07-11 21:53:20 +08:00: [0mGET /data [32m200 [0m0.497 ms - 18613[0m
2017-07-11 21:53:20 +08:00: [0mGET /dist/libs.js?710ab2d7a208e0df3c25 [36m304 [0m0.286 ms - -[0m
2017-07-11 21:53:20 +08:00: [0mGET /dist//fonts/iconfont.c566b52.woff [36m304 [0m0.268 ms - -[0m
2017-07-11 21:54:01 +08:00: [32m[2017-07-11 21:54:01.448] [INFO] console - [39mThis is a Template
2017-07-11 21:54:01 +08:00: [32m[2017-07-11 21:54:01.449] [INFO] console - [39masyncData...
2017-07-11 21:54:01 +08:00: [0mGET / [32m200 [0m13.055 ms - -[0m
2017-07-11 21:54:01 +08:00: [0mGET /data [32m200 [0m2.422 ms - 18613[0m
2017-07-11 21:54:01 +08:00: [0mGET /dist/libs.js?710ab2d7a208e0df3c25 [36m304 [0m0.517 ms - -[0m
2017-07-11 21:54:01 +08:00: [0mGET /dist//fonts/iconfont.c566b52.woff [36m304 [0m0.465 ms - -[0m
